# CUDA_PROFILE_LOG_VERSION 2.0
# CUDA_DEVICE 0 Tesla C1060
# TIMESTAMPFACTOR fffff685d363edc0
method,gputime,cputime,occupancy
method=[ memcpyHtoD ] gputime=[ 124.736 ] cputime=[ 204.000 ] 
method=[ memcpyHtoD ] gputime=[ 124.576 ] cputime=[ 184.000 ] 
method=[ memcpyHtoD ] gputime=[ 124.384 ] cputime=[ 166.000 ] 
method=[ memcpyHtoD ] gputime=[ 5.120 ] cputime=[ 8.000 ] 
method=[ memcpyHtoD ] gputime=[ 4.320 ] cputime=[ 6.000 ] 
method=[ memcpyHtoD ] gputime=[ 6.432 ] cputime=[ 8.000 ] 
method=[ memcpyHtoD ] gputime=[ 5.568 ] cputime=[ 7.000 ] 
method=[ __hmpp_acc_region__y5w8gwel_loop2D_1 ] gputime=[ 49413.633 ] cputime=[ 17.000 ] occupancy=[ 0.500 ] 
method=[ memcpyDtoH ] gputime=[ 186.272 ] cputime=[ 597.000 ] 
method=[ memcpyHtoD ] gputime=[ 124.288 ] cputime=[ 178.000 ] 
method=[ memcpyHtoD ] gputime=[ 5.408 ] cputime=[ 11.000 ] 
method=[ memcpyHtoD ] gputime=[ 124.672 ] cputime=[ 177.000 ] 
method=[ __hmpp_acc_region__yhksm5q9_loop2D_1 ] gputime=[ 35155.809 ] cputime=[ 11.000 ] occupancy=[ 0.750 ] 
method=[ memcpyDtoH ] gputime=[ 185.024 ] cputime=[ 385.000 ] 
method=[ memcpyHtoD ] gputime=[ 4.448 ] cputime=[ 17.000 ] 
method=[ memcpyHtoD ] gputime=[ 3.680 ] cputime=[ 5.000 ] 
method=[ memcpyHtoD ] gputime=[ 3.616 ] cputime=[ 6.000 ] 
method=[ memcpyHtoD ] gputime=[ 105.952 ] cputime=[ 165.000 ] 
method=[ memcpyHtoD ] gputime=[ 106.560 ] cputime=[ 148.000 ] 
method=[ memcpyHtoD ] gputime=[ 4.160 ] cputime=[ 6.000 ] 
method=[ __hmpp_acc_region__uzlgouxi_loop2D_1 ] gputime=[ 595192.812 ] cputime=[ 9.000 ] occupancy=[ 0.250 ] 
method=[ memcpyDtoH ] gputime=[ 156.992 ] cputime=[ 358.000 ] 
method=[ memcpyHtoD ] gputime=[ 4.544 ] cputime=[ 15.000 ] 
method=[ memcpyHtoD ] gputime=[ 3.968 ] cputime=[ 6.000 ] 
method=[ memcpyHtoD ] gputime=[ 3.616 ] cputime=[ 6.000 ] 
method=[ memcpyHtoD ] gputime=[ 106.432 ] cputime=[ 102.000 ] 
method=[ memcpyHtoD ] gputime=[ 105.120 ] cputime=[ 100.000 ] 
method=[ memcpyHtoD ] gputime=[ 4.160 ] cputime=[ 6.000 ] 
method=[ __hmpp_acc_region__uzlgouxi_loop2D_1 ] gputime=[ 595138.812 ] cputime=[ 9.000 ] occupancy=[ 0.250 ] 
method=[ memcpyDtoH ] gputime=[ 156.544 ] cputime=[ 359.000 ] 
method=[ memcpyHtoD ] gputime=[ 4.800 ] cputime=[ 15.000 ] 
method=[ memcpyHtoD ] gputime=[ 3.616 ] cputime=[ 5.000 ] 
method=[ memcpyHtoD ] gputime=[ 4.032 ] cputime=[ 6.000 ] 
method=[ memcpyHtoD ] gputime=[ 106.304 ] cputime=[ 98.000 ] 
method=[ memcpyHtoD ] gputime=[ 105.184 ] cputime=[ 96.000 ] 
method=[ memcpyHtoD ] gputime=[ 3.872 ] cputime=[ 6.000 ] 
method=[ __hmpp_acc_region__uzlgouxi_loop2D_1 ] gputime=[ 595290.375 ] cputime=[ 9.000 ] occupancy=[ 0.250 ] 
method=[ memcpyDtoH ] gputime=[ 156.928 ] cputime=[ 355.000 ] 
method=[ memcpyHtoD ] gputime=[ 4.544 ] cputime=[ 13.000 ] 
method=[ memcpyHtoD ] gputime=[ 3.936 ] cputime=[ 6.000 ] 
method=[ memcpyHtoD ] gputime=[ 3.680 ] cputime=[ 5.000 ] 
method=[ memcpyHtoD ] gputime=[ 107.072 ] cputime=[ 100.000 ] 
method=[ memcpyHtoD ] gputime=[ 105.536 ] cputime=[ 97.000 ] 
method=[ memcpyHtoD ] gputime=[ 4.096 ] cputime=[ 6.000 ] 
method=[ __hmpp_acc_region__uzlgouxi_loop2D_1 ] gputime=[ 595222.375 ] cputime=[ 10.000 ] occupancy=[ 0.250 ] 
method=[ memcpyDtoH ] gputime=[ 157.952 ] cputime=[ 360.000 ] 
method=[ memcpyHtoD ] gputime=[ 4.352 ] cputime=[ 14.000 ] 
method=[ memcpyHtoD ] gputime=[ 3.648 ] cputime=[ 5.000 ] 
method=[ memcpyHtoD ] gputime=[ 3.648 ] cputime=[ 5.000 ] 
method=[ memcpyHtoD ] gputime=[ 106.624 ] cputime=[ 100.000 ] 
method=[ memcpyHtoD ] gputime=[ 106.432 ] cputime=[ 95.000 ] 
method=[ memcpyHtoD ] gputime=[ 3.904 ] cputime=[ 6.000 ] 
method=[ __hmpp_acc_region__uzlgouxi_loop2D_1 ] gputime=[ 595278.812 ] cputime=[ 10.000 ] occupancy=[ 0.250 ] 
method=[ memcpyDtoH ] gputime=[ 157.984 ] cputime=[ 356.000 ] 
method=[ memcpyHtoD ] gputime=[ 4.448 ] cputime=[ 14.000 ] 
method=[ memcpyHtoD ] gputime=[ 3.872 ] cputime=[ 5.000 ] 
method=[ memcpyHtoD ] gputime=[ 3.648 ] cputime=[ 6.000 ] 
method=[ memcpyHtoD ] gputime=[ 105.824 ] cputime=[ 96.000 ] 
method=[ memcpyHtoD ] gputime=[ 105.088 ] cputime=[ 101.000 ] 
method=[ memcpyHtoD ] gputime=[ 4.160 ] cputime=[ 5.000 ] 
method=[ __hmpp_acc_region__uzlgouxi_loop2D_1 ] gputime=[ 595292.875 ] cputime=[ 9.000 ] occupancy=[ 0.250 ] 
method=[ memcpyDtoH ] gputime=[ 157.472 ] cputime=[ 359.000 ] 
method=[ memcpyHtoD ] gputime=[ 4.320 ] cputime=[ 14.000 ] 
method=[ memcpyHtoD ] gputime=[ 3.648 ] cputime=[ 5.000 ] 
method=[ memcpyHtoD ] gputime=[ 3.904 ] cputime=[ 5.000 ] 
method=[ memcpyHtoD ] gputime=[ 105.952 ] cputime=[ 98.000 ] 
method=[ memcpyHtoD ] gputime=[ 105.504 ] cputime=[ 96.000 ] 
method=[ memcpyHtoD ] gputime=[ 3.840 ] cputime=[ 5.000 ] 
method=[ __hmpp_acc_region__uzlgouxi_loop2D_1 ] gputime=[ 595118.812 ] cputime=[ 10.000 ] occupancy=[ 0.250 ] 
method=[ memcpyDtoH ] gputime=[ 156.800 ] cputime=[ 368.000 ] 
method=[ memcpyHtoD ] gputime=[ 4.448 ] cputime=[ 14.000 ] 
method=[ memcpyHtoD ] gputime=[ 3.936 ] cputime=[ 6.000 ] 
method=[ memcpyHtoD ] gputime=[ 3.648 ] cputime=[ 5.000 ] 
method=[ memcpyHtoD ] gputime=[ 105.856 ] cputime=[ 98.000 ] 
method=[ memcpyHtoD ] gputime=[ 105.312 ] cputime=[ 103.000 ] 
method=[ memcpyHtoD ] gputime=[ 4.064 ] cputime=[ 6.000 ] 
method=[ __hmpp_acc_region__uzlgouxi_loop2D_1 ] gputime=[ 595222.250 ] cputime=[ 9.000 ] occupancy=[ 0.250 ] 
method=[ memcpyDtoH ] gputime=[ 157.760 ] cputime=[ 358.000 ] 
method=[ memcpyHtoD ] gputime=[ 4.320 ] cputime=[ 13.000 ] 
method=[ memcpyHtoD ] gputime=[ 3.904 ] cputime=[ 5.000 ] 
method=[ memcpyHtoD ] gputime=[ 3.840 ] cputime=[ 6.000 ] 
method=[ memcpyHtoD ] gputime=[ 105.952 ] cputime=[ 98.000 ] 
method=[ memcpyHtoD ] gputime=[ 105.824 ] cputime=[ 101.000 ] 
method=[ memcpyHtoD ] gputime=[ 3.840 ] cputime=[ 6.000 ] 
method=[ __hmpp_acc_region__uzlgouxi_loop2D_1 ] gputime=[ 595213.000 ] cputime=[ 9.000 ] occupancy=[ 0.250 ] 
method=[ memcpyDtoH ] gputime=[ 156.832 ] cputime=[ 356.000 ] 
method=[ memcpyHtoD ] gputime=[ 4.576 ] cputime=[ 12.000 ] 
method=[ memcpyHtoD ] gputime=[ 3.904 ] cputime=[ 5.000 ] 
method=[ memcpyHtoD ] gputime=[ 3.712 ] cputime=[ 5.000 ] 
method=[ memcpyHtoD ] gputime=[ 105.984 ] cputime=[ 99.000 ] 
method=[ memcpyHtoD ] gputime=[ 106.464 ] cputime=[ 96.000 ] 
method=[ memcpyHtoD ] gputime=[ 4.192 ] cputime=[ 5.000 ] 
method=[ __hmpp_acc_region__uzlgouxi_loop2D_1 ] gputime=[ 595209.625 ] cputime=[ 10.000 ] occupancy=[ 0.250 ] 
method=[ memcpyDtoH ] gputime=[ 156.928 ] cputime=[ 354.000 ] 
